<?xml version="1.0" encoding="UTF-8"?>
<robot generator="Robot 7.0 (Python 3.12.2 on win32)" generated="2024-03-12T23:12:00.468016" rpa="false" schemaversion="5">
<suite id="s1" name="Html Forms Test" source="C:\Users\leona\OneDrive\Documentos\A_Programming\neowayAutomationRobot\testes\html_forms_test.robot">
<test id="s1-t1" name="Cenário 3: Validar envio de dados do formulário HTML no tutorial sobre HTML Forms" line="7">
<kw name="Dado que o usuário acesse o site da w3schools" owner="setup_teardown" type="SETUP">
<kw name="Open Browser" owner="SeleniumLibrary">
<msg time="2024-03-12T23:12:00.674966" level="INFO">Opening browser 'Chrome' to base url 'https://www.w3schools.com'.</msg>
<arg>url=https://www.w3schools.com</arg>
<arg>browser=Chrome</arg>
<doc>Opens a new browser instance to the optional ``url``.</doc>
<status status="PASS" start="2024-03-12T23:12:00.674966" elapsed="38.418948"/>
</kw>
<kw name="Maximize Browser Window" owner="SeleniumLibrary">
<doc>Maximizes current browser window.</doc>
<status status="PASS" start="2024-03-12T23:12:39.093914" elapsed="0.116087"/>
</kw>
<status status="PASS" start="2024-03-12T23:12:00.673967" elapsed="38.536034"/>
</kw>
<kw name="Dado que o usuário esteja no site da w3schools" owner="home">
<kw name="Element Should Be Visible" owner="SeleniumLibrary">
<msg time="2024-03-12T23:12:39.232746" level="INFO">Element '//a[@id='navbtn_tutorials']' is displayed.</msg>
<arg>${TUTORIALS_DROPDOWN}</arg>
<doc>Verifies that the element identified by ``locator`` is visible.</doc>
<status status="PASS" start="2024-03-12T23:12:39.211001" elapsed="0.021745"/>
</kw>
<status status="PASS" start="2024-03-12T23:12:39.210001" elapsed="0.022745"/>
</kw>
<kw name="E navegue para o menu Tutorials -&gt; Learn HTML" owner="home">
<kw name="Click Element" owner="SeleniumLibrary">
<msg time="2024-03-12T23:12:39.233253" level="INFO">Clicking element '//a[@id='navbtn_tutorials']'.</msg>
<arg>${TUTORIALS_DROPDOWN}</arg>
<doc>Click the element identified by ``locator``.</doc>
<status status="PASS" start="2024-03-12T23:12:39.233253" elapsed="0.071984"/>
</kw>
<kw name="Wait Until Element Is Visible" owner="SeleniumLibrary">
<arg>${LEARN_HTML_LINK}</arg>
<doc>Waits until the element ``locator`` is visible.</doc>
<status status="PASS" start="2024-03-12T23:12:39.305237" elapsed="0.019087"/>
</kw>
<kw name="Click Element" owner="SeleniumLibrary">
<msg time="2024-03-12T23:12:39.325328" level="INFO">Clicking element '//a[@href='/html/default.asp']'.</msg>
<arg>${LEARN_HTML_LINK}</arg>
<doc>Click the element identified by ``locator``.</doc>
<status status="PASS" start="2024-03-12T23:12:39.324324" elapsed="0.686822"/>
</kw>
<status status="PASS" start="2024-03-12T23:12:39.233253" elapsed="0.778892"/>
</kw>
<kw name="E selecione o tutorial sobre HTML Forms" owner="learn_html">
<kw name="Scroll Element Into View" owner="SeleniumLibrary">
<arg>${HTML_FORMS_LINK}</arg>
<doc>Scrolls the element identified by ``locator`` into view.</doc>
<status status="PASS" start="2024-03-12T23:12:40.012145" elapsed="0.299927"/>
</kw>
<kw name="Click Element" owner="SeleniumLibrary">
<msg time="2024-03-12T23:12:40.313075" level="INFO">Clicking element '//a[@target='_top' and @href='html_forms.asp']'.</msg>
<arg>${HTML_FORMS_LINK}</arg>
<doc>Click the element identified by ``locator``.</doc>
<status status="PASS" start="2024-03-12T23:12:40.312072" elapsed="0.410863"/>
</kw>
<status status="PASS" start="2024-03-12T23:12:40.012145" elapsed="0.710790"/>
</kw>
<kw name="E acesse o exercício &quot;Try it yourself&quot; do primeiro exemplo" owner="learn_html">
<kw name="Wait Until Element Is Visible" owner="SeleniumLibrary">
<arg>${TRY_YOURSELF_SUBMIT}</arg>
<doc>Waits until the element ``locator`` is visible.</doc>
<status status="PASS" start="2024-03-12T23:12:40.723444" elapsed="0.028064"/>
</kw>
<kw name="Click Element" owner="SeleniumLibrary">
<msg time="2024-03-12T23:12:40.753017" level="INFO">Clicking element '//a[@href='tryit.asp?filename=tryhtml_form_submit' and @target='_blank']'.</msg>
<arg>${TRY_YOURSELF_SUBMIT}</arg>
<doc>Click the element identified by ``locator``.</doc>
<status status="PASS" start="2024-03-12T23:12:40.751508" elapsed="0.140324"/>
</kw>
<kw name="Get Window Handles" owner="SeleniumLibrary">
<msg time="2024-03-12T23:12:40.924362" level="INFO">@{window_handles} = [ 4D2A7A19CF1417D5983B836802596408 | 5CEAE9CCA94FA1A4C2B5533FE31488AC ]</msg>
<var>@{window_handles}</var>
<doc>Returns all child window handles of the selected browser as a list.</doc>
<status status="PASS" start="2024-03-12T23:12:40.892835" elapsed="0.031527"/>
</kw>
<kw name="Sleep" owner="BuiltIn">
<msg time="2024-03-12T23:12:44.925854" level="INFO">Slept 4 seconds.</msg>
<arg>4</arg>
<doc>Pauses the test executed for the given time.</doc>
<status status="PASS" start="2024-03-12T23:12:40.925368" elapsed="4.000486"/>
</kw>
<kw name="Switch Window" owner="SeleniumLibrary">
<arg>${window_handles}[1]</arg>
<doc>Switches to browser window matching ``locator``.</doc>
<status status="PASS" start="2024-03-12T23:12:44.926359" elapsed="0.086592"/>
</kw>
<kw name="Log" owner="BuiltIn">
<msg time="2024-03-12T23:12:45.014416" level="INFO">5CEAE9CCA94FA1A4C2B5533FE31488AC</msg>
<arg>${window_handles}[1]</arg>
<doc>Logs the given message with the given level.</doc>
<status status="PASS" start="2024-03-12T23:12:45.013910" elapsed="0.000506"/>
</kw>
<status status="PASS" start="2024-03-12T23:12:40.723444" elapsed="4.290972"/>
</kw>
<kw name="Quando preencher o formulário com um nome e sobrenome" owner="learn_html">
<kw name="Wait Until Element Is Visible" owner="SeleniumLibrary">
<arg>${IFRAME_LOCATOR}</arg>
<doc>Waits until the element ``locator`` is visible.</doc>
<status status="PASS" start="2024-03-12T23:12:45.014416" elapsed="0.043687"/>
</kw>
<kw name="Select Frame" owner="SeleniumLibrary">
<msg time="2024-03-12T23:12:45.059108" level="INFO">Selecting frame '//div[@id="iframe"]/div[@id="iframewrapper"]/iframe[@id="iframeResult"]'.</msg>
<arg>${IFRAME_LOCATOR}</arg>
<doc>Sets frame identified by ``locator`` as the current frame.</doc>
<status status="PASS" start="2024-03-12T23:12:45.058103" elapsed="0.034880"/>
</kw>
<kw name="Input Text" owner="SeleniumLibrary">
<msg time="2024-03-12T23:12:45.094053" level="INFO">Typing text 'Leonardo' into text field '//input[@id='fname']'.</msg>
<arg>${FNAME_FIELD}</arg>
<arg>Leonardo</arg>
<doc>Types the given ``text`` into the text field identified by ``locator``.</doc>
<status status="PASS" start="2024-03-12T23:12:45.094053" elapsed="0.101824"/>
</kw>
<kw name="Input Text" owner="SeleniumLibrary">
<msg time="2024-03-12T23:12:45.195877" level="INFO">Typing text 'Oliveira' into text field '//input[@id='lname']'.</msg>
<arg>${LNAME_FIELD}</arg>
<arg>Oliveira</arg>
<doc>Types the given ``text`` into the text field identified by ``locator``.</doc>
<status status="PASS" start="2024-03-12T23:12:45.195877" elapsed="0.081232"/>
</kw>
<status status="PASS" start="2024-03-12T23:12:45.014416" elapsed="0.262693"/>
</kw>
<kw name="E submeter o formulário" owner="learn_html">
<kw name="Click Element" owner="SeleniumLibrary">
<msg time="2024-03-12T23:12:45.278112" level="INFO">Clicking element '//input[@type='submit']'.</msg>
<arg>${SUBMIT_BUTTON}</arg>
<doc>Click the element identified by ``locator``.</doc>
<status status="PASS" start="2024-03-12T23:12:45.278112" elapsed="0.076535"/>
</kw>
<status status="PASS" start="2024-03-12T23:12:45.278112" elapsed="0.076535"/>
</kw>
<kw name="Então deve validar se dados enviados foram corretamente recebidos" owner="learn_html">
<kw name="Wait Until Element Is Visible" owner="SeleniumLibrary">
<arg>${RECEIVED_FORM}</arg>
<doc>Waits until the element ``locator`` is visible.</doc>
<status status="PASS" start="2024-03-12T23:12:45.355646" elapsed="0.440772"/>
</kw>
<kw name="Element Should Contain" owner="SeleniumLibrary">
<msg time="2024-03-12T23:12:45.812771" level="INFO">Element '//div[contains(@class, 'w3-container') and contains(@class, 'w3-large') and contains(@class, 'w3-border')]' contains text 'Leonardo'.</msg>
<arg>${RECEIVED_FORM}</arg>
<arg>Leonardo</arg>
<doc>Verifies that element ``locator`` contains text ``expected``.</doc>
<status status="PASS" start="2024-03-12T23:12:45.797418" elapsed="0.015353"/>
</kw>
<kw name="Element Should Contain" owner="SeleniumLibrary">
<msg time="2024-03-12T23:12:45.825929" level="INFO">Element '//div[contains(@class, 'w3-container') and contains(@class, 'w3-large') and contains(@class, 'w3-border')]' contains text 'Oliveira'.</msg>
<arg>${RECEIVED_FORM}</arg>
<arg>Oliveira</arg>
<doc>Verifies that element ``locator`` contains text ``expected``.</doc>
<status status="PASS" start="2024-03-12T23:12:45.813778" elapsed="0.012151"/>
</kw>
<status status="PASS" start="2024-03-12T23:12:45.355646" elapsed="0.470283"/>
</kw>
<kw name="Fechar o navegador" owner="setup_teardown" type="TEARDOWN">
<kw name="Close Browser" owner="SeleniumLibrary">
<doc>Closes the current browser.</doc>
<status status="PASS" start="2024-03-12T23:12:45.826926" elapsed="2.213767"/>
</kw>
<status status="PASS" start="2024-03-12T23:12:45.826926" elapsed="2.213767"/>
</kw>
<status status="PASS" start="2024-03-12T23:12:00.673967" elapsed="47.367432"/>
</test>
<status status="PASS" start="2024-03-12T23:12:00.469547" elapsed="47.573430"/>
</suite>
<statistics>
<total>
<stat pass="1" fail="0" skip="0">All Tests</stat>
</total>
<tag>
</tag>
<suite>
<stat pass="1" fail="0" skip="0" id="s1" name="Html Forms Test">Html Forms Test</stat>
</suite>
</statistics>
<errors>
</errors>
</robot>
